Build started 7/13/2014 6:10:38 PM.
     1>Project "C:\Users\Larry\Desktop\Noah\glib\dep\glsdk\glutil\glutil.vcxproj" on node 2 (Build target(s)).
     1>ClCompile:
         C:\Program Files (x86)\Microsoft Visual Studio 12.0\VC\bin\CL.exe /c /Iinclude /Isource /I..\glload\include /I..\glm /I..\boost /ZI /nologo /W3 /WX- /Od /Oy- /D _CRT_SECURE_NO_WARNINGS /D _SCL_SECURE_NO_WARNINGS /D BOOST_ALL_NO_LIB /D WIN32 /D DEBUG /D _DEBUG /D MEMORY_DEBUGGING /D _UNICODE /D UNICODE /Gm /EHsc /RTC1 /MDd /GS /Gy /fp:precise /Zc:wchar_t /Zc:forScope /Fo"Debug\\" /Fd"Debug\vc120.pdb" /Gd /TP /analyze- /errorReport:prompt source\Debug.cpp source\Font.cpp source\ftData.cpp source\MatrixStack.cpp source\MousePoles.cpp source\Shader.cpp source\WindowPos.cpp
         WindowPos.cpp
         Shader.cpp
         Unknown compiler version - please run the configure tests and report the results
         MousePoles.cpp
         MatrixStack.cpp
         ftData.cpp
         Font.cpp
         Unknown compiler version - please run the configure tests and report the results
         Debug.cpp
         Generating Code...
       Lib:
         C:\Program Files (x86)\Microsoft Visual Studio 12.0\VC\bin\Lib.exe /OUT:"lib\glutilD.lib" /NOLOGO Debug\Debug.obj
         Debug\Font.obj
         Debug\ftData.obj
         Debug\MatrixStack.obj
         Debug\MousePoles.obj
         Debug\Shader.obj
         Debug\WindowPos.obj
         glutil.vcxproj -> C:\Users\Larry\Desktop\Noah\glib\dep\glsdk\glutil\lib\glutilD.lib
     1>Done Building Project "C:\Users\Larry\Desktop\Noah\glib\dep\glsdk\glutil\glutil.vcxproj" (Build target(s)).

Build succeeded.

Time Elapsed 00:00:09.55
