Build started 7/13/2014 6:10:45 PM.
     1>Project "C:\Users\Larry\Desktop\Noah\glib\dep\glsdk\glmesh\glmesh.vcxproj" on node 4 (Build target(s)).
     1>ClCompile:
         C:\Program Files (x86)\Microsoft Visual Studio 12.0\VC\bin\CL.exe /c /Iinclude /Isource /I..\glload\include /I..\glutil\include /I..\glm /I..\boost /ZI /nologo /W3 /WX- /Od /Oy- /D _CRT_SECURE_NO_WARNINGS /D _SCL_SECURE_NO_WARNINGS /D BOOST_ALL_NO_LIB /D WIN32 /D DEBUG /D _DEBUG /D MEMORY_DEBUGGING /D _UNICODE /D UNICODE /Gm /EHsc /RTC1 /MDd /GS /Gy /fp:precise /Zc:wchar_t /Zc:forScope /Fo"Debug\\" /Fd"Debug\vc120.pdb" /Gd /TP /analyze- /errorReport:prompt source\CpuDataWriter.cpp source\Draw.cpp source\GenHelper.cpp source\GenMeshMisc.cpp source\GenPlatonic.cpp source\GenQuadrics.cpp source\Mesh.cpp source\StreamBuffer.cpp source\VertexFormat.cpp source\VertexWriter.cpp
         VertexWriter.cpp
         VertexFormat.cpp
         Unknown compiler version - please run the configure tests and report the results
         StreamBuffer.cpp
         Mesh.cpp
         GenQuadrics.cpp
         Unknown compiler version - please run the configure tests and report the results
         GenPlatonic.cpp
         Unknown compiler version - please run the configure tests and report the results
         GenMeshMisc.cpp
         Unknown compiler version - please run the configure tests and report the results
         GenHelper.cpp
         Draw.cpp
         CpuDataWriter.cpp
         Generating Code...
       Lib:
         C:\Program Files (x86)\Microsoft Visual Studio 12.0\VC\bin\Lib.exe /OUT:"lib\glmeshD.lib" /NOLOGO Debug\CpuDataWriter.obj
         Debug\Draw.obj
         Debug\GenHelper.obj
         Debug\GenMeshMisc.obj
         Debug\GenPlatonic.obj
         Debug\GenQuadrics.obj
         Debug\Mesh.obj
         Debug\StreamBuffer.obj
         Debug\VertexFormat.obj
         Debug\VertexWriter.obj
         glmesh.vcxproj -> C:\Users\Larry\Desktop\Noah\glib\dep\glsdk\glmesh\lib\glmeshD.lib
     1>Done Building Project "C:\Users\Larry\Desktop\Noah\glib\dep\glsdk\glmesh\glmesh.vcxproj" (Build target(s)).

Build succeeded.

Time Elapsed 00:00:16.83
