Build started 7/13/2014 6:10:27 PM.
     1>Project "C:\Users\Larry\Desktop\Noah\glib\dep\glsdk\freeglut\freeglut.vcxproj" on node 5 (Build target(s)).
     1>ClCompile:
         C:\Program Files (x86)\Microsoft Visual Studio 12.0\VC\bin\CL.exe /c /Iinclude /ZI /nologo /W3 /WX- /Od /Oy- /D _CRT_SECURE_NO_WARNINGS /D _SCL_SECURE_NO_WARNINGS /D BOOST_ALL_NO_LIB /D FREEGLUT_STATIC /D _LIB /D FREEGLUT_LIB_PRAGMAS=0 /D WIN32 /D _DEBUG /D _MBCS /Gm /EHsc /RTC1 /MDd /GS /Gy /fp:precise /Zc:wchar_t /Zc:forScope /Fo"obj\Debug\\" /Fd"obj\Debug\vc120.pdb" /Gd /TC /analyze- /errorReport:prompt src\freeglut_callbacks.c src\freeglut_cursor.c src\freeglut_display.c src\freeglut_ext.c src\freeglut_font.c src\freeglut_font_data.c src\freeglut_gamemode.c src\freeglut_geometry.c src\freeglut_glutfont_definitions.c src\freeglut_init.c src\freeglut_input_devices.c src\freeglut_joystick.c src\freeglut_main.c src\freeglut_menu.c src\freeglut_misc.c src\freeglut_overlay.c src\freeglut_spaceball.c src\freeglut_state.c src\freeglut_stroke_mono_roman.c src\freeglut_stroke_roman.c src\freeglut_structure.c src\freeglut_teapot.c src\freeglut_videoresize.c src\freeglut_window.c
         freeglut_window.c
         fgSetupPixelFormat(): there is still some work to do here!
         freeglut_videoresize.c
         freeglut_teapot.c
         freeglut_structure.c
         freeglut_stroke_roman.c
         freeglut_stroke_mono_roman.c
         freeglut_state.c
         freeglut_spaceball.c
         freeglut_overlay.c
         freeglut_misc.c
         freeglut_menu.c
         freeglut_main.c
         freeglut_joystick.c
         freeglut_input_devices.c
         freeglut_init.c
     1>c:\users\larry\desktop\noah\glib\dep\glsdk\freeglut\src\freeglut_init.c(685): warning C4101: 'sLen' : unreferenced local variable
         freeglut_glutfont_definitions.c
         freeglut_geometry.c
         freeglut_gamemode.c
         freeglut_font_data.c
         freeglut_font.c
         Generating Code...
         Compiling...
         freeglut_ext.c
         freeglut_display.c
         freeglut_cursor.c
         freeglut_callbacks.c
         Generating Code...
       Lib:
         C:\Program Files (x86)\Microsoft Visual Studio 12.0\VC\bin\Lib.exe /OUT:"lib\freeglutD.lib" /NOLOGO obj\Debug\freeglut_callbacks.obj
         obj\Debug\freeglut_cursor.obj
         obj\Debug\freeglut_display.obj
         obj\Debug\freeglut_ext.obj
         obj\Debug\freeglut_font.obj
         obj\Debug\freeglut_font_data.obj
         obj\Debug\freeglut_gamemode.obj
         obj\Debug\freeglut_geometry.obj
         obj\Debug\freeglut_glutfont_definitions.obj
         obj\Debug\freeglut_init.obj
         obj\Debug\freeglut_input_devices.obj
         obj\Debug\freeglut_joystick.obj
         obj\Debug\freeglut_main.obj
         obj\Debug\freeglut_menu.obj
         obj\Debug\freeglut_misc.obj
         obj\Debug\freeglut_overlay.obj
         obj\Debug\freeglut_spaceball.obj
         obj\Debug\freeglut_state.obj
         obj\Debug\freeglut_stroke_mono_roman.obj
         obj\Debug\freeglut_stroke_roman.obj
         obj\Debug\freeglut_structure.obj
         obj\Debug\freeglut_teapot.obj
         obj\Debug\freeglut_videoresize.obj
         obj\Debug\freeglut_window.obj
         freeglut.vcxproj -> C:\Users\Larry\Desktop\Noah\glib\dep\glsdk\freeglut\lib\freeglutD.lib
     1>Done Building Project "C:\Users\Larry\Desktop\Noah\glib\dep\glsdk\freeglut\freeglut.vcxproj" (Build target(s)).

Build succeeded.

Time Elapsed 00:00:17.39
