Build started 7/13/2014 6:10:25 PM.
     1>Project "C:\Users\Larry\Desktop\Noah\glib\dep\glsdk\glfw\glfw.vcxproj" on node 3 (Build target(s)).
     1>ClCompile:
         C:\Program Files (x86)\Microsoft Visual Studio 12.0\VC\bin\CL.exe /c /Iinclude /Ilib /Ilib\win32 /ZI /nologo /W3 /WX- /Od /Oy- /D _CRT_SECURE_NO_WARNINGS /D _SCL_SECURE_NO_WARNINGS /D BOOST_ALL_NO_LIB /D _LIB /D WIN32 /D _DEBUG /D _MBCS /Gm /EHsc /RTC1 /MDd /GS /Gy /fp:precise /Zc:wchar_t /Zc:forScope /Fo"obj\Debug\\" /Fd"obj\Debug\vc120.pdb" /Gd /TC /analyze- /errorReport:prompt lib\enable.c lib\fullscreen.c lib\glext.c lib\image.c lib\init.c lib\input.c lib\joystick.c lib\stream.c lib\tga.c lib\thread.c lib\time.c lib\window.c lib\win32\win32_dllmain.c lib\win32\win32_enable.c lib\win32\win32_fullscreen.c lib\win32\win32_glext.c lib\win32\win32_init.c lib\win32\win32_joystick.c lib\win32\win32_thread.c lib\win32\win32_time.c lib\win32\win32_window.c
         win32_window.c
         win32_time.c
         win32_thread.c
         win32_joystick.c
         win32_init.c
     1>c:\users\larry\desktop\noah\glib\dep\glsdk\glfw\lib\win32\win32_init.c(237): warning C4996: 'GetVersionExA': was declared deprecated
                 c:\program files (x86)\windows kits\8.1\include\um\sysinfoapi.h(433) : see declaration of 'GetVersionExA'
         win32_glext.c
         win32_fullscreen.c
         win32_enable.c
         win32_dllmain.c
         window.c
         time.c
         thread.c
         tga.c
         stream.c
     1>c:\users\larry\desktop\noah\glib\dep\glsdk\glfw\lib\stream.c(31): warning C4005: '_CRT_SECURE_NO_WARNINGS' : macro redefinition
                 command-line arguments :  see previous definition of '_CRT_SECURE_NO_WARNINGS'
         joystick.c
         input.c
         init.c
         image.c
         glext.c
         fullscreen.c
         Generating Code...
         Compiling...
         enable.c
         Generating Code...
       Lib:
         C:\Program Files (x86)\Microsoft Visual Studio 12.0\VC\bin\Lib.exe /OUT:"library\glfwD.lib" /NOLOGO obj\Debug\enable.obj
         obj\Debug\fullscreen.obj
         obj\Debug\glext.obj
         obj\Debug\image.obj
         obj\Debug\init.obj
         obj\Debug\input.obj
         obj\Debug\joystick.obj
         obj\Debug\stream.obj
         obj\Debug\tga.obj
         obj\Debug\thread.obj
         obj\Debug\time.obj
         obj\Debug\window.obj
         obj\Debug\win32_dllmain.obj
         obj\Debug\win32_enable.obj
         obj\Debug\win32_fullscreen.obj
         obj\Debug\win32_glext.obj
         obj\Debug\win32_init.obj
         obj\Debug\win32_joystick.obj
         obj\Debug\win32_thread.obj
         obj\Debug\win32_time.obj
         obj\Debug\win32_window.obj
         glfw.vcxproj -> C:\Users\Larry\Desktop\Noah\glib\dep\glsdk\glfw\library\glfwD.lib
     1>Done Building Project "C:\Users\Larry\Desktop\Noah\glib\dep\glsdk\glfw\glfw.vcxproj" (Build target(s)).

Build succeeded.

Time Elapsed 00:00:20.82
