Build started 7/13/2014 6:10:24 PM.
     1>Project "C:\Users\Larry\Desktop\Noah\glib\dep\glsdk\glimg\glimg.vcxproj" on node 2 (Build target(s)).
     1>ClCompile:
         C:\Program Files (x86)\Microsoft Visual Studio 12.0\VC\bin\CL.exe /c /Iinclude /Isource /I..\glload\include /I..\boost /ZI /nologo /W3 /WX- /Od /Oy- /D _CRT_SECURE_NO_WARNINGS /D _SCL_SECURE_NO_WARNINGS /D BOOST_ALL_NO_LIB /D WIN32 /D DEBUG /D _DEBUG /D MEMORY_DEBUGGING /D _UNICODE /D UNICODE /Gm /EHsc /RTC1 /MDd /GS /Gy /fp:precise /Zc:wchar_t /Zc:forScope /Fo"Debug\\" /Fd"Debug\vc120.pdb" /Gd /TP /analyze- /errorReport:prompt source\DdsLoader.cpp source\ImageCreator.cpp source\ImageFormat.cpp source\ImageSet.cpp source\ImageSetImpl.cpp source\StbLoader.cpp source\TestLoader.cpp source\TextureGenerator.cpp source\Util.cpp
         Util.cpp
         Unknown compiler version - please run the configure tests and report the results
         TextureGenerator.cpp
         Unknown compiler version - please run the configure tests and report the results
         TestLoader.cpp
         Unknown compiler version - please run the configure tests and report the results
         StbLoader.cpp
         Unknown compiler version - please run the configure tests and report the results
         ImageSetImpl.cpp
         Unknown compiler version - please run the configure tests and report the results
         ImageSet.cpp
         Unknown compiler version - please run the configure tests and report the results
         ImageFormat.cpp
         Unknown compiler version - please run the configure tests and report the results
         ImageCreator.cpp
         Unknown compiler version - please run the configure tests and report the results
         DdsLoader.cpp
         Unknown compiler version - please run the configure tests and report the results
         Generating Code...
         C:\Program Files (x86)\Microsoft Visual Studio 12.0\VC\bin\CL.exe /c /Iinclude /Isource /I..\glload\include /I..\boost /ZI /nologo /W3 /WX- /Od /Oy- /D _CRT_SECURE_NO_WARNINGS /D _SCL_SECURE_NO_WARNINGS /D BOOST_ALL_NO_LIB /D WIN32 /D DEBUG /D _DEBUG /D MEMORY_DEBUGGING /D _UNICODE /D UNICODE /Gm /EHsc /RTC1 /MDd /GS /Gy /fp:precise /Zc:wchar_t /Zc:forScope /Fo"Debug\\" /Fd"Debug\vc120.pdb" /Gd /TC /analyze- /errorReport:prompt source\stb_image.c
         stb_image.c
       Lib:
         C:\Program Files (x86)\Microsoft Visual Studio 12.0\VC\bin\Lib.exe /OUT:"lib\glimgD.lib" /NOLOGO Debug\DdsLoader.obj
         Debug\ImageCreator.obj
         Debug\ImageFormat.obj
         Debug\ImageSet.obj
         Debug\ImageSetImpl.obj
         Debug\StbLoader.obj
         Debug\TestLoader.obj
         Debug\TextureGenerator.obj
         Debug\Util.obj
         Debug\stb_image.obj
         glimg.vcxproj -> C:\Users\Larry\Desktop\Noah\glib\dep\glsdk\glimg\lib\glimgD.lib
     1>Done Building Project "C:\Users\Larry\Desktop\Noah\glib\dep\glsdk\glimg\glimg.vcxproj" (Build target(s)).

Build succeeded.

Time Elapsed 00:00:23.88
