Build started 7/13/2014 6:10:25 PM.
     1>Project "C:\Users\Larry\Desktop\Noah\glib\dep\glsdk\glload\glload.vcxproj" on node 4 (Build target(s)).
     1>ClCompile:
         C:\Program Files (x86)\Microsoft Visual Studio 12.0\VC\bin\CL.exe /c /Iinclude /Isource /ZI /nologo /W3 /WX- /Od /Oy- /D _CRT_SECURE_NO_WARNINGS /D _SCL_SECURE_NO_WARNINGS /D BOOST_ALL_NO_LIB /D WIN32 /D DEBUG /D _DEBUG /D MEMORY_DEBUGGING /D _UNICODE /D UNICODE /Gm /EHsc /RTC1 /MDd /GS /Gy /fp:precise /Zc:wchar_t /Zc:forScope /Fo"Debug\\" /Fd"Debug\vc120.pdb" /Gd /TC /analyze- /errorReport:prompt source\gl_load.c source\wgl_load.c
         wgl_load.c
         gl_load.c
         Generating Code...
         C:\Program Files (x86)\Microsoft Visual Studio 12.0\VC\bin\CL.exe /c /Iinclude /Isource /ZI /nologo /W3 /WX- /Od /Oy- /D _CRT_SECURE_NO_WARNINGS /D _SCL_SECURE_NO_WARNINGS /D BOOST_ALL_NO_LIB /D WIN32 /D DEBUG /D _DEBUG /D MEMORY_DEBUGGING /D _UNICODE /D UNICODE /Gm /EHsc /RTC1 /MDd /GS /Gy /fp:precise /Zc:wchar_t /Zc:forScope /Fo"Debug\\" /Fd"Debug\vc120.pdb" /Gd /TP /analyze- /errorReport:prompt source\gl_load_cpp.cpp source\wgl_load_cpp.cpp
         wgl_load_cpp.cpp
         gl_load_cpp.cpp
         Generating Code...
       Lib:
         C:\Program Files (x86)\Microsoft Visual Studio 12.0\VC\bin\Lib.exe /OUT:"lib\glloadD.lib" /NOLOGO Debug\gl_load.obj
         Debug\gl_load_cpp.obj
         Debug\wgl_load.obj
         Debug\wgl_load_cpp.obj
         glload.vcxproj -> C:\Users\Larry\Desktop\Noah\glib\dep\glsdk\glload\lib\glloadD.lib
     1>Done Building Project "C:\Users\Larry\Desktop\Noah\glib\dep\glsdk\glload\glload.vcxproj" (Build target(s)).

Build succeeded.

Time Elapsed 00:00:13.47
